<?xml version="1.0" encoding="UTF-8"?>
<!-- Generated by org.testng.reporters.JUnitReportReporter -->
<testsuite hostname="Narayanan" name="com.hrms.testscripts.TC_001" tests="1" failures="0" timestamp="23 Jan 2020 04:27:01 GMT" time="67.278" errors="0">
  <testcase name="TC_101" time="67.278" classname="com.hrms.testscripts.TC_001"/>
</testsuite> <!-- com.hrms.testscripts.TC_001 -->
